<?xml version="1.0" encoding="UTF-8"?>
<testsuite name="org.example.calculator.CalculatorTest" tests="4" skipped="0" failures="0" errors="0" timestamp="2023-03-24T12:58:03" hostname="javascript-15" time="0.029">
  <properties/>
  <testcase name="subtraction()" classname="org.example.calculator.CalculatorTest" time="0.019"/>
  <testcase name="addition()" classname="org.example.calculator.CalculatorTest" time="0.001"/>
  <testcase name="multiplication()" classname="org.example.calculator.CalculatorTest" time="0.002"/>
  <testcase name="subdivision()" classname="org.example.calculator.CalculatorTest" time="0.003"/>
  <system-out><![CDATA[soustraction
addition
multiplication
]]></system-out>
  <system-err><![CDATA[]]></system-err>
</testsuite>
